<?xml version="1.0" encoding="UTF-8"?>
<!-- Generated by org.testng.reporters.JUnitXMLReporter -->
<testsuite ignored="0" hostname="DESKTOP-5966DD6" failures="1" tests="4" name="CreatingDependies" time="0.068" errors="0" timestamp="2024-02-21T20:58:17 IST">
  <testcase classname="testcases.CreatingDependies" name="doUserReg" time="0.003">
    <failure type="java.lang.AssertionError" message="User not registered">
      <![CDATA[java.lang.AssertionError: User not registered
at testcases.CreatingDependies.doUserReg(CreatingDependies.java:11)
at java.base/java.util.ArrayList.forEach(ArrayList.java:1596)
... Removed 26 stack frames]]>
    </failure>
  </testcase> <!-- doUserReg -->
  <testcase classname="testcases.CreatingDependies" name="thirdTest" time="0.005"/>
  <testcase classname="testcases.CreatingDependies" name="fourTest" time="0.003"/>
  <testcase classname="testcases.CreatingDependies" name="doLogIn" time="0.0">
    <skipped/>
  </testcase> <!-- doLogIn -->
</testsuite> <!-- CreatingDependies -->
