<?xml version="1.0" encoding="UTF-8"?>
<!-- Generated by org.testng.reporters.JUnitXMLReporter -->
<testsuite ignored="0" hostname="DESKTOP-EQGDIG6" failures="1" tests="2" name="Test" time="0.116" errors="0" timestamp="2025-01-06T13:17:52 IST">
  <testcase classname="reRunFailedTest.TestLogin" name="doLogin" time="0.02"/>
  <testcase classname="reRunFailedTest.TestLogin" name="registerUser" time="0.011">
    <failure type="java.lang.AssertionError" message="Execution failed for registration">
      <![CDATA[java.lang.AssertionError: Execution failed for registration
at reRunFailedTest.TestLogin.registerUser(TestLogin.java:19)
at java.base/java.util.ArrayList.forEach(ArrayList.java:1597)
... Removed 26 stack frames]]>
    </failure>
  </testcase> <!-- registerUser -->
</testsuite> <!-- Test -->
