<?xml version="1.0" encoding="UTF-8"?>
<!-- Generated by org.testng.reporters.JUnitXMLReporter -->
<testsuite ignored="0" hostname="DESKTOP-5966DD6" failures="1" tests="4" name="Regression CreatingDependies" time="0.138" errors="0" timestamp="2024-02-19T19:40:24 IST">
  <testcase classname="regressionTest.CreatingDependies" name="doUserReg" time="0.012">
    <failure type="java.lang.AssertionError" message="User not registered">
      <![CDATA[java.lang.AssertionError: User not registered
at regressionTest.CreatingDependies.doUserReg(CreatingDependies.java:11)
at java.base/java.util.ArrayList.forEach(ArrayList.java:1596)
... Removed 27 stack frames]]>
    </failure>
  </testcase> <!-- doUserReg -->
  <testcase classname="regressionTest.CreatingDependies" name="thirdTest" time="0.008"/>
  <testcase classname="regressionTest.CreatingDependies" name="fourTest" time="0.044"/>
  <testcase classname="regressionTest.CreatingDependies" name="doLogIn" time="0.0">
    <skipped/>
  </testcase> <!-- doLogIn -->
</testsuite> <!-- Regression CreatingDependies -->
