<?xml version="1.0" encoding="UTF-8"?>
<testng-results ignored="0" total="1" passed="1" failed="0" skipped="0">
  <reporter-output>
  </reporter-output>
  <suite started-at="2025-01-09T13:46:36 IST" name="Default suite" finished-at="2025-01-09T13:46:36 IST" duration-ms="109">
    <groups>
    </groups>
    <test started-at="2025-01-09T13:46:36 IST" name="Default test" finished-at="2025-01-09T13:46:36 IST" duration-ms="109">
      <class name="customListerners.Practice">
        <test-method signature="add()[pri:0, instance:customListerners.Practice@3eb738bb]" started-at="2025-01-09T13:46:36 IST" name="add" finished-at="2025-01-09T13:46:36 IST" duration-ms="22" status="PASS">
          <reporter-output>
          </reporter-output>
        </test-method> <!-- add -->
      </class> <!-- customListerners.Practice -->
    </test> <!-- Default test -->
  </suite> <!-- Default suite -->
</testng-results>
